生成启动时间为 2017/8/13 16:53:23。
     1>项目“c:\Users\Lammy\documents\visual studio 2013\Projects\cartoon\cartoon\cartoon.vcxproj”在节点 2 上(Build 个目标)。
     1>ClCompile:
         D:\develop-tools\Vs2013\VC\bin\CL.exe /c /IE:\opencv\opencv\build\include /ZI /nologo /W3 /WX- /sdl /Od /Oy- /D WIN32 /D _DEBUG /D _CONSOLE /D _LIB /D _UNICODE /D UNICODE /Gm /EHsc /RTC1 /MDd /GS /fp:precise /Zc:wchar_t /Zc:forScope /Fo"Debug\\" /Fd"Debug\vc120.pdb" /Gd /TP /analyze- /errorReport:prompt cartoon.cpp
         cartoon.cpp
     1>e:\opencv\opencv\build\include\opencv2\core\mat.hpp(2586): warning C4819: 该文件包含不能在当前代码页(936)中表示的字符。请将该文件保存为 Unicode 格式以防止数据丢失
     1>e:\opencv\opencv\build\include\opencv2\core\persistence.hpp : warning C4819: 该文件包含不能在当前代码页(936)中表示的字符。请将该文件保存为 Unicode 格式以防止数据丢失
     1>e:\opencv\opencv\build\include\opencv2\core\utility.hpp : warning C4819: 该文件包含不能在当前代码页(936)中表示的字符。请将该文件保存为 Unicode 格式以防止数据丢失
     1>e:\opencv\opencv\build\include\opencv2\imgproc.hpp(592): warning C4819: 该文件包含不能在当前代码页(936)中表示的字符。请将该文件保存为 Unicode 格式以防止数据丢失
     1>c:\users\lammy\documents\visual studio 2013\projects\cartoon\cartoon\cartoon.cpp(94): warning C4244: “初始化”: 从“int”转换到“float”，可能丢失数据
     1>c:\users\lammy\documents\visual studio 2013\projects\cartoon\cartoon\cartoon.cpp(95): warning C4244: “=”: 从“float”转换到“int”，可能丢失数据
     1>c:\users\lammy\documents\visual studio 2013\projects\cartoon\cartoon\cartoon.cpp(100): warning C4244: “初始化”: 从“int”转换到“float”，可能丢失数据
     1>c:\users\lammy\documents\visual studio 2013\projects\cartoon\cartoon\cartoon.cpp(102): warning C4244: “初始化”: 从“double”转换到“float”，可能丢失数据
     1>c:\users\lammy\documents\visual studio 2013\projects\cartoon\cartoon\cartoon.cpp(107): warning C4244: “初始化”: 从“double”转换到“float”，可能丢失数据
     1>c:\users\lammy\documents\visual studio 2013\projects\cartoon\cartoon\cartoon.cpp(209): warning C4244: “=”: 从“double”转换到“int”，可能丢失数据
     1>c:\users\lammy\documents\visual studio 2013\projects\cartoon\cartoon\cartoon.cpp(210): warning C4244: “=”: 从“double”转换到“int”，可能丢失数据
     1>c:\users\lammy\documents\visual studio 2013\projects\cartoon\cartoon\cartoon.cpp(211): warning C4244: “=”: 从“double”转换到“int”，可能丢失数据
       Link:
         D:\develop-tools\Vs2013\VC\bin\link.exe /ERRORREPORT:PROMPT /OUT:"c:\users\lammy\documents\visual studio 2013\Projects\cartoon\Debug\cartoon.exe" /INCREMENTAL /NOLOGO /LIBPATH:E:\opencv\opencv\build\x64\vc14\lib opencv_world320.lib kernel32.lib user32.lib gdi32.lib winspool.lib comdlg32.lib advapi32.lib shell32.lib ole32.lib oleaut32.lib uuid.lib odbc32.lib odbccp32.lib /MANIFEST /MANIFESTUAC:"level='asInvoker' uiAccess='false'" /manifest:embed /DEBUG /PDB:"c:\users\lammy\documents\visual studio 2013\Projects\cartoon\Debug\cartoon.pdb" /SUBSYSTEM:CONSOLE /TLBID:1 /DYNAMICBASE /NXCOMPAT /IMPLIB:"c:\users\lammy\documents\visual studio 2013\Projects\cartoon\Debug\cartoon.lib" /MACHINE:X86 Debug\cartoon.obj
     1>opencv_world320.lib(opencv_world320.dll) : fatal error LNK1112: 模块计算机类型“x64”与目标计算机类型“X86”冲突
     1>已完成生成项目“c:\Users\Lammy\documents\visual studio 2013\Projects\cartoon\cartoon\cartoon.vcxproj”(Build 个目标)的操作 - 失败。

生成失败。

已用时间 00:00:01.32
